<?xml version="1.0" encoding="UTF-8"?>
<!-- Generated by org.testng.reporters.JUnitReportReporter -->
<testsuite hostname="Bhagyashri" failures="0" tests="2" name="com.SauceDemo1.TestClasses.TC04MultipleProductAddToCartFunctionality" time="31.067" errors="0" timestamp="2022-06-01T13:49:24 IST" skipped="0">
  <testcase classname="com.SauceDemo1.TestClasses.TC04MultipleProductAddToCartFunctionality" name="MultipleProductAddTOcart" time="12.074"/>
  <system-out/>
  <testcase classname="com.SauceDemo1.TestClasses.TC04MultipleProductAddToCartFunctionality" name="MultipleProductAddTOcart" time="18.993"/>
  <system-out/>
</testsuite> <!-- com.SauceDemo1.TestClasses.TC04MultipleProductAddToCartFunctionality -->
