<?xml version="1.0" encoding="UTF-8"?>
<!-- Generated by org.testng.reporters.JUnitReportReporter -->
<testsuite hostname="Bhagyashri" failures="0" tests="2" name="com.SauceDemo1.TestClasses.TC02LogoutFunctionalityTestClass" time="15.852" errors="0" timestamp="2022-06-01T13:49:24 IST" skipped="0">
  <testcase classname="com.SauceDemo1.TestClasses.TC02LogoutFunctionalityTestClass" name="logOutFunctionality" time="10.700"/>
  <system-out/>
  <testcase classname="com.SauceDemo1.TestClasses.TC02LogoutFunctionalityTestClass" name="logOutFunctionality" time="5.152"/>
  <system-out/>
</testsuite> <!-- com.SauceDemo1.TestClasses.TC02LogoutFunctionalityTestClass -->
