<?xml version="1.0" encoding="UTF-8"?>
<!-- Generated by org.testng.reporters.JUnitReportReporter -->
<testsuite hostname="Bhagyashri" failures="0" tests="2" name="com.SauceDemo1.TestClasses.TC03SingleProductAddTOcarFunctionalityTestclass" time="15.595" errors="0" timestamp="2022-06-01T13:49:24 IST" skipped="0">
  <testcase classname="com.SauceDemo1.TestClasses.TC03SingleProductAddTOcarFunctionalityTestclass" name="SingleProductAddTOcart" time="5.013"/>
  <system-out/>
  <testcase classname="com.SauceDemo1.TestClasses.TC03SingleProductAddTOcarFunctionalityTestclass" name="SingleProductAddTOcart" time="10.582"/>
  <system-out/>
</testsuite> <!-- com.SauceDemo1.TestClasses.TC03SingleProductAddTOcarFunctionalityTestclass -->
